This is pdfTeX, Version 3.141592653-2.6-1.40.26 (TeX Live 2024/Homebrew) (preloaded format=pdflatex 2024.3.20)  25 JUN 2024 11:07
entering extended mode
 restricted \write18 enabled.
 file:line:error style messages enabled.
 %&-line parsing enabled.
**"/Users/martin/git/LaTexVivadoVitisTutorial/Programming EBAZ 4205 using SD card/Programming EBAZ 4205 using SD card.tex"
(/Users/martin/git/LaTexVivadoVitisTutorial/Programming EBAZ 4205 using SD card/Programming EBAZ 4205 using SD card.tex
LaTeX2e <2023-11-01> patch level 1
L3 programming layer <2024-02-20>
(/opt/homebrew/Cellar/texlive/20240312/share/texmf-dist/tex/latex/base/article.cls
Document Class: article 2023/05/17 v1.4n Standard LaTeX document class
(/opt/homebrew/Cellar/texlive/20240312/share/texmf-dist/tex/latex/base/size10.clo
File: size10.clo 2023/05/17 v1.4n Standard LaTeX file (size option)
)
\c@part=\count188
\c@section=\count189
\c@subsection=\count190
\c@subsubsection=\count191
\c@paragraph=\count192
\c@subparagraph=\count193
\c@figure=\count194
\c@table=\count195
\abovecaptionskip=\skip48
\belowcaptionskip=\skip49
\bibindent=\dimen140
) (/opt/homebrew/Cellar/texlive/20240312/share/texmf-dist/tex/latex/graphics/graphicx.sty
Package: graphicx 2021/09/16 v1.2d Enhanced LaTeX Graphics (DPC,SPQR)
 (/opt/homebrew/Cellar/texlive/20240312/share/texmf-dist/tex/latex/graphics/keyval.sty
Package: keyval 2022/05/29 v1.15 key=value parser (DPC)
\KV@toks@=\toks17
) (/opt/homebrew/Cellar/texlive/20240312/share/texmf-dist/tex/latex/graphics/graphics.sty
Package: graphics 2022/03/10 v1.4e Standard LaTeX Graphics (DPC,SPQR)
 (/opt/homebrew/Cellar/texlive/20240312/share/texmf-dist/tex/latex/graphics/trig.sty
Package: trig 2021/08/11 v1.11 sin cos tan (DPC)
) (/opt/homebrew/Cellar/texlive/20240312/share/texmf-dist/tex/latex/graphics-cfg/graphics.cfg
File: graphics.cfg 2016/06/04 v1.11 sample graphics configuration
)
Package graphics Info: Driver file: pdftex.def on input line 107.
 (/opt/homebrew/Cellar/texlive/20240312/share/texmf-dist/tex/latex/graphics-def/pdftex.def
File: pdftex.def 2022/09/22 v1.2b Graphics/color driver for pdftex
))
\Gin@req@height=\dimen141
\Gin@req@width=\dimen142
) (/opt/homebrew/Cellar/texlive/20240312/share/texmf-dist/tex/latex/caption/caption.sty
Package: caption 2023/08/05 v3.6o Customizing captions (AR)
 (/opt/homebrew/Cellar/texlive/20240312/share/texmf-dist/tex/latex/caption/caption3.sty
Package: caption3 2023/07/31 v2.4d caption3 kernel (AR)
\caption@tempdima=\dimen143
\captionmargin=\dimen144
\caption@leftmargin=\dimen145
\caption@rightmargin=\dimen146
\caption@width=\dimen147
\caption@indent=\dimen148
\caption@parindent=\dimen149
\caption@hangindent=\dimen150
Package caption Info: Standard document class detected.
)
\c@caption@flags=\count196
\c@continuedfloat=\count197
) (/opt/homebrew/Cellar/texlive/20240312/share/texmf-dist/tex/latex/placeins/placeins.sty
Package: placeins 2005/04/18  v 2.2
)
\c@step=\count198
 (/opt/homebrew/Cellar/texlive/20240312/share/texmf-dist/tex/latex/l3backend/l3backend-pdftex.def
File: l3backend-pdftex.def 2024-02-20 L3 backend support: PDF output (pdfTeX)
\l__color_backend_stack_int=\count199
\l__pdf_internal_box=\box51
) (./Programming EBAZ 4205 using SD card.aux)
\openout1 = `"Programming EBAZ 4205 using SD card.aux"'.

LaTeX Font Info:    Checking defaults for OML/cmm/m/it on input line 29.
LaTeX Font Info:    ... okay on input line 29.
LaTeX Font Info:    Checking defaults for OMS/cmsy/m/n on input line 29.
LaTeX Font Info:    ... okay on input line 29.
LaTeX Font Info:    Checking defaults for OT1/cmr/m/n on input line 29.
LaTeX Font Info:    ... okay on input line 29.
LaTeX Font Info:    Checking defaults for T1/cmr/m/n on input line 29.
LaTeX Font Info:    ... okay on input line 29.
LaTeX Font Info:    Checking defaults for TS1/cmr/m/n on input line 29.
LaTeX Font Info:    ... okay on input line 29.
LaTeX Font Info:    Checking defaults for OMX/cmex/m/n on input line 29.
LaTeX Font Info:    ... okay on input line 29.
LaTeX Font Info:    Checking defaults for U/cmr/m/n on input line 29.
LaTeX Font Info:    ... okay on input line 29.
 (/opt/homebrew/Cellar/texlive/20240312/share/texmf-dist/tex/context/base/mkii/supp-pdf.mkii
[Loading MPS to PDF converter (version 2006.09.02).]
\scratchcounter=\count266
\scratchdimen=\dimen151
\scratchbox=\box52
\nofMPsegments=\count267
\nofMParguments=\count268
\everyMPshowfont=\toks18
\MPscratchCnt=\count269
\MPscratchDim=\dimen152
\MPnumerator=\count270
\makeMPintoPDFobject=\count271
\everyMPtoPDFconversion=\toks19
) (/opt/homebrew/Cellar/texlive/20240312/share/texmf-dist/tex/latex/epstopdf-pkg/epstopdf-base.sty
Package: epstopdf-base 2020-01-24 v2.11 Base part for package epstopdf
Package epstopdf-base Info: Redefining graphics rule for `.eps' on input line 485.
 (/opt/homebrew/Cellar/texlive/20240312/share/texmf-dist/tex/latex/latexconfig/epstopdf-sys.cfg
File: epstopdf-sys.cfg 2010/07/13 v1.3 Configuration of (r)epstopdf for TeX Live
))
Package caption Info: Begin \AtBeginDocument code.
Package caption Info: End \AtBeginDocument code.
 (./Programming EBAZ 4205 using SD card.toc
LaTeX Font Info:    External font `cmex10' loaded for size
(Font)              <7> on input line 3.
LaTeX Font Info:    External font `cmex10' loaded for size
(Font)              <5> on input line 3.
 [1

{/opt/homebrew/Cellar/texlive/20240312/share/texmf-dist/fonts/map/pdftex/updmap/pdftex.map}])
\tf@toc=\write3
\openout3 = `"Programming EBAZ 4205 using SD card.toc"'.

 [2] [3]
Overfull \hbox (79.10933pt too wide) in paragraph at lines 43--43
[]\OT1/cmr/m/n/10 Download the Ebaz board files from \OT1/cmtt/m/n/10 https://github.com/XyleMora/EBAZ4205/tree/main\OT1/cmr/m/n/10 . 
 []

<images/step1.png, id=15, 1339.0025pt x 1053.9375pt>
File: images/step1.png Graphic file (type png)
<use images/step1.png>
Package pdftex.def Info: images/step1.png  used on input line 43.
(pdftex.def)             Requested size: 448.50105pt x 353.01094pt.

Overfull \hbox (103.50105pt too wide) in paragraph at lines 43--43
 [][] 
 []


Underfull \hbox (badness 10000) in paragraph at lines 43--43
[]\OT1/cmr/m/n/10 Figure 1: |Down-load the Ebaz board files from
 []

[4 <./images/step1.png>]
Overfull \hbox (95.7209pt too wide) in paragraph at lines 49--49
[]\OT1/cmr/m/n/10 Transfer the board files `Ebaz4205` folder from the \OT1/cmtt/m/n/10 download/Ebaz4205-main/Documents/Board
 []


Overfull \hbox (108.27829pt too wide) in paragraph at lines 49--49
[]\OT1/cmr/m/n/10 The des-ti-na-tion folder should look like this: \OT1/cmtt/m/n/10 /Xilinx/Vivado/2023.2/data/boards/board[]files. 
 []

<images/step2.png, id=22, 893.3375pt x 558.085pt>
File: images/step2.png Graphic file (type png)
<use images/step2.png>
Package pdftex.def Info: images/step2.png  used on input line 49.
(pdftex.def)             Requested size: 448.50105pt x 280.19144pt.

Overfull \hbox (103.50105pt too wide) in paragraph at lines 49--49
 [][] 
 []

[5 <./images/step2.png>]
Overfull \hbox (132.27829pt too wide) in paragraph at lines 54--54
[]\OT1/cmr/m/n/10 Place the board files into the des-ti-na-tion folder at \OT1/cmtt/m/n/10 /Xilinx/Vivado/2023.2/data/boards/board[]files. 
 []

<images/step3.png, id=27, 893.3375pt x 558.085pt>
File: images/step3.png Graphic file (type png)
<use images/step3.png>
Package pdftex.def Info: images/step3.png  used on input line 54.
(pdftex.def)             Requested size: 448.50105pt x 280.19144pt.

Overfull \hbox (103.50105pt too wide) in paragraph at lines 54--54
 [][] 
 []

[6 <./images/step3.png>]
<images/step4.png, id=32, 1035.87pt x 1005.7575pt>
File: images/step4.png Graphic file (type png)
<use images/step4.png>
Package pdftex.def Info: images/step4.png  used on input line 60.
(pdftex.def)             Requested size: 448.50105pt x 435.45988pt.

Overfull \hbox (103.50105pt too wide) in paragraph at lines 60--60
 [][] 
 []

[7 <./images/step4.png>]
<images/step5.png, id=38, 1108.14pt x 743.77875pt>
File: images/step5.png Graphic file (type png)
<use images/step5.png>
Package pdftex.def Info: images/step5.png  used on input line 65.
(pdftex.def)             Requested size: 448.50105pt x 301.02446pt.

Overfull \hbox (103.50105pt too wide) in paragraph at lines 65--65
 [][] 
 []

[8 <./images/step5.png>]
<images/step6.png, id=43, 1108.14pt x 743.77875pt>
File: images/step6.png Graphic file (type png)
<use images/step6.png>
Package pdftex.def Info: images/step6.png  used on input line 72.
(pdftex.def)             Requested size: 448.50105pt x 301.02446pt.

Overfull \hbox (103.50105pt too wide) in paragraph at lines 72--72
 [][] 
 []

[9 <./images/step6.png>]
<images/step7.png, id=48, 1108.14pt x 743.77875pt>
File: images/step7.png Graphic file (type png)
<use images/step7.png>
Package pdftex.def Info: images/step7.png  used on input line 79.
(pdftex.def)             Requested size: 448.50105pt x 301.02446pt.

Overfull \hbox (103.50105pt too wide) in paragraph at lines 79--79
 [][] 
 []

[10 <./images/step7.png>]
<images/step8.png, id=53, 1108.14pt x 743.77875pt>
File: images/step8.png Graphic file (type png)
<use images/step8.png>
Package pdftex.def Info: images/step8.png  used on input line 83.
(pdftex.def)             Requested size: 448.50105pt x 301.02446pt.

Overfull \hbox (103.50105pt too wide) in paragraph at lines 83--83
 [][] 
 []

[11 <./images/step8.png>]
<images/step9.png, id=58, 1108.14pt x 743.77875pt>
File: images/step9.png Graphic file (type png)
<use images/step9.png>
Package pdftex.def Info: images/step9.png  used on input line 90.
(pdftex.def)             Requested size: 448.50105pt x 301.02446pt.

Overfull \hbox (103.50105pt too wide) in paragraph at lines 90--90
 [][] 
 []

[12 <./images/step9.png>]
<images/step10.png, id=63, 1108.14pt x 743.77875pt>
File: images/step10.png Graphic file (type png)
<use images/step10.png>
Package pdftex.def Info: images/step10.png  used on input line 96.
(pdftex.def)             Requested size: 448.50105pt x 301.02446pt.

Overfull \hbox (103.50105pt too wide) in paragraph at lines 96--96
 [][] 
 []

[13 <./images/step10.png>]
<images/step11.png, id=69, 1856.9375pt x 1053.9375pt>
File: images/step11.png Graphic file (type png)
<use images/step11.png>
Package pdftex.def Info: images/step11.png  used on input line 102.
(pdftex.def)             Requested size: 448.50105pt x 254.54227pt.

Overfull \hbox (103.50105pt too wide) in paragraph at lines 102--102
 [][] 
 []

[14 <./images/step11.png>]
<images/step12.png, id=74, 1856.9375pt x 1053.9375pt>
File: images/step12.png Graphic file (type png)
<use images/step12.png>
Package pdftex.def Info: images/step12.png  used on input line 108.
(pdftex.def)             Requested size: 448.50105pt x 254.54227pt.

Overfull \hbox (103.50105pt too wide) in paragraph at lines 108--108
 [][] 
 []

[15 <./images/step12.png>]
<images/step13.png, id=79, 1856.9375pt x 1053.9375pt>
File: images/step13.png Graphic file (type png)
<use images/step13.png>
Package pdftex.def Info: images/step13.png  used on input line 114.
(pdftex.def)             Requested size: 448.50105pt x 254.54227pt.

Overfull \hbox (103.50105pt too wide) in paragraph at lines 114--114
 [][] 
 []

[16 <./images/step13.png>]
<images/step14.png, id=84, 1856.9375pt x 1053.9375pt>
File: images/step14.png Graphic file (type png)
<use images/step14.png>
Package pdftex.def Info: images/step14.png  used on input line 120.
(pdftex.def)             Requested size: 448.50105pt x 254.54227pt.

Overfull \hbox (103.50105pt too wide) in paragraph at lines 120--120
 [][] 
 []

[17 <./images/step14.png>]
<images/step15.png, id=89, 1856.9375pt x 1053.9375pt>
File: images/step15.png Graphic file (type png)
<use images/step15.png>
Package pdftex.def Info: images/step15.png  used on input line 127.
(pdftex.def)             Requested size: 448.50105pt x 254.54227pt.

Overfull \hbox (103.50105pt too wide) in paragraph at lines 127--127
 [][] 
 []

[18 <./images/step15.png>]
<images/step16.png, id=94, 1856.9375pt x 1053.9375pt>
File: images/step16.png Graphic file (type png)
<use images/step16.png>
Package pdftex.def Info: images/step16.png  used on input line 133.
(pdftex.def)             Requested size: 448.50105pt x 254.54227pt.

Overfull \hbox (103.50105pt too wide) in paragraph at lines 133--133
 [][] 
 []

[19 <./images/step16.png>]
<images/step17.png, id=100, 1856.9375pt x 1053.9375pt>
File: images/step17.png Graphic file (type png)
<use images/step17.png>
Package pdftex.def Info: images/step17.png  used on input line 140.
(pdftex.def)             Requested size: 448.50105pt x 254.54227pt.

Overfull \hbox (103.50105pt too wide) in paragraph at lines 140--140
 [][] 
 []

[20 <./images/step17.png>]
<images/step18.png, id=105, 1856.9375pt x 1053.9375pt>
File: images/step18.png Graphic file (type png)
<use images/step18.png>
Package pdftex.def Info: images/step18.png  used on input line 146.
(pdftex.def)             Requested size: 448.50105pt x 254.54227pt.

Overfull \hbox (103.50105pt too wide) in paragraph at lines 146--146
 [][] 
 []

[21 <./images/step18.png>]
<images/step19.png, id=110, 1856.9375pt x 1053.9375pt>
File: images/step19.png Graphic file (type png)
<use images/step19.png>
Package pdftex.def Info: images/step19.png  used on input line 153.
(pdftex.def)             Requested size: 448.50105pt x 254.54227pt.

Overfull \hbox (103.50105pt too wide) in paragraph at lines 153--153
 [][] 
 []

[22 <./images/step19.png>]
<images/step20.png, id=115, 1856.9375pt x 1053.9375pt>
File: images/step20.png Graphic file (type png)
<use images/step20.png>
Package pdftex.def Info: images/step20.png  used on input line 161.
(pdftex.def)             Requested size: 448.50105pt x 254.54227pt.

Overfull \hbox (103.50105pt too wide) in paragraph at lines 161--161
 [][] 
 []

[23 <./images/step20.png>]
<images/step21.png, id=120, 1856.9375pt x 1053.9375pt>
File: images/step21.png Graphic file (type png)
<use images/step21.png>
Package pdftex.def Info: images/step21.png  used on input line 166.
(pdftex.def)             Requested size: 448.50105pt x 254.54227pt.

Overfull \hbox (103.50105pt too wide) in paragraph at lines 166--166
 [][] 
 []

[24 <./images/step21.png>]
<images/step22.png, id=125, 1856.9375pt x 1053.9375pt>
File: images/step22.png Graphic file (type png)
<use images/step22.png>
Package pdftex.def Info: images/step22.png  used on input line 173.
(pdftex.def)             Requested size: 448.50105pt x 254.54227pt.

Overfull \hbox (103.50105pt too wide) in paragraph at lines 173--173
 [][] 
 []

[25 <./images/step22.png>]
<images/step23.png, id=131, 1856.9375pt x 1053.9375pt>
File: images/step23.png Graphic file (type png)
<use images/step23.png>
Package pdftex.def Info: images/step23.png  used on input line 182.
(pdftex.def)             Requested size: 448.50105pt x 254.54227pt.

Overfull \hbox (103.50105pt too wide) in paragraph at lines 182--182
 [][] 
 []

[26 <./images/step23.png>]
<images/step24.png, id=136, 1856.9375pt x 1053.9375pt>
File: images/step24.png Graphic file (type png)
<use images/step24.png>
Package pdftex.def Info: images/step24.png  used on input line 189.
(pdftex.def)             Requested size: 448.50105pt x 254.54227pt.

Overfull \hbox (103.50105pt too wide) in paragraph at lines 189--189
 [][] 
 []

[27 <./images/step24.png>]
<images/step25.png, id=141, 1856.9375pt x 1053.9375pt>
File: images/step25.png Graphic file (type png)
<use images/step25.png>
Package pdftex.def Info: images/step25.png  used on input line 195.
(pdftex.def)             Requested size: 448.50105pt x 254.54227pt.

Overfull \hbox (103.50105pt too wide) in paragraph at lines 195--195
 [][] 
 []

[28 <./images/step25.png>]
<images/step26.png, id=146, 1856.9375pt x 1053.9375pt>
File: images/step26.png Graphic file (type png)
<use images/step26.png>
Package pdftex.def Info: images/step26.png  used on input line 200.
(pdftex.def)             Requested size: 448.50105pt x 254.54227pt.

Overfull \hbox (103.50105pt too wide) in paragraph at lines 200--200
 [][] 
 []

[29 <./images/step26.png>]
<images/step27.png, id=151, 1856.9375pt x 1053.9375pt>
File: images/step27.png Graphic file (type png)
<use images/step27.png>
Package pdftex.def Info: images/step27.png  used on input line 208.
(pdftex.def)             Requested size: 448.50105pt x 254.54227pt.

Overfull \hbox (103.50105pt too wide) in paragraph at lines 208--208
 [][] 
 []

[30 <./images/step27.png>]
<images/step28.png, id=156, 1856.9375pt x 1053.9375pt>
File: images/step28.png Graphic file (type png)
<use images/step28.png>
Package pdftex.def Info: images/step28.png  used on input line 215.
(pdftex.def)             Requested size: 448.50105pt x 254.54227pt.

Overfull \hbox (103.50105pt too wide) in paragraph at lines 215--215
 [][] 
 []

[31 <./images/step28.png>]
<images/step29.png, id=162, 1856.9375pt x 1053.9375pt>
File: images/step29.png Graphic file (type png)
<use images/step29.png>
Package pdftex.def Info: images/step29.png  used on input line 221.
(pdftex.def)             Requested size: 448.50105pt x 254.54227pt.

Overfull \hbox (103.50105pt too wide) in paragraph at lines 221--221
 [][] 
 []

[32 <./images/step29.png>]
<images/step30.png, id=167, 1856.9375pt x 1053.9375pt>
File: images/step30.png Graphic file (type png)
<use images/step30.png>
Package pdftex.def Info: images/step30.png  used on input line 226.
(pdftex.def)             Requested size: 448.50105pt x 254.54227pt.

Overfull \hbox (103.50105pt too wide) in paragraph at lines 226--226
 [][] 
 []

[33 <./images/step30.png>]
<images/step31.png, id=172, 1856.9375pt x 1053.9375pt>
File: images/step31.png Graphic file (type png)
<use images/step31.png>
Package pdftex.def Info: images/step31.png  used on input line 231.
(pdftex.def)             Requested size: 448.50105pt x 254.54227pt.

Overfull \hbox (103.50105pt too wide) in paragraph at lines 231--231
 [][] 
 []

[34 <./images/step31.png>]
<images/step32.png, id=177, 1856.9375pt x 1053.9375pt>
File: images/step32.png Graphic file (type png)
<use images/step32.png>
Package pdftex.def Info: images/step32.png  used on input line 236.
(pdftex.def)             Requested size: 448.50105pt x 254.54227pt.

Overfull \hbox (103.50105pt too wide) in paragraph at lines 236--236
 [][] 
 []

[35 <./images/step32.png>]
<images/step33.png, id=182, 1856.9375pt x 1053.9375pt>
File: images/step33.png Graphic file (type png)
<use images/step33.png>
Package pdftex.def Info: images/step33.png  used on input line 242.
(pdftex.def)             Requested size: 448.50105pt x 254.54227pt.

Overfull \hbox (103.50105pt too wide) in paragraph at lines 242--242
 [][] 
 []

[36 <./images/step33.png>]
<images/step34.png, id=187, 1856.9375pt x 1053.9375pt>
File: images/step34.png Graphic file (type png)
<use images/step34.png>
Package pdftex.def Info: images/step34.png  used on input line 248.
(pdftex.def)             Requested size: 448.50105pt x 254.54227pt.

Overfull \hbox (103.50105pt too wide) in paragraph at lines 248--248
 [][] 
 []

[37 <./images/step34.png>]
<images/step35.png, id=193, 1856.9375pt x 1053.9375pt>
File: images/step35.png Graphic file (type png)
<use images/step35.png>
Package pdftex.def Info: images/step35.png  used on input line 254.
(pdftex.def)             Requested size: 448.50105pt x 254.54227pt.

Overfull \hbox (103.50105pt too wide) in paragraph at lines 254--254
 [][] 
 []

[38 <./images/step35.png>]
<images/step36.png, id=198, 1856.9375pt x 1053.9375pt>
File: images/step36.png Graphic file (type png)
<use images/step36.png>
Package pdftex.def Info: images/step36.png  used on input line 260.
(pdftex.def)             Requested size: 448.50105pt x 254.54227pt.

Overfull \hbox (103.50105pt too wide) in paragraph at lines 260--260
 [][] 
 []

[39 <./images/step36.png>]
<images/step37.png, id=203, 1856.9375pt x 1053.9375pt>
File: images/step37.png Graphic file (type png)
<use images/step37.png>
Package pdftex.def Info: images/step37.png  used on input line 265.
(pdftex.def)             Requested size: 448.50105pt x 254.54227pt.

Overfull \hbox (103.50105pt too wide) in paragraph at lines 265--265
 [][] 
 []

[40 <./images/step37.png>]
<images/step38.png, id=208, 1856.9375pt x 1053.9375pt>
File: images/step38.png Graphic file (type png)
<use images/step38.png>
Package pdftex.def Info: images/step38.png  used on input line 271.
(pdftex.def)             Requested size: 448.50105pt x 254.54227pt.

Overfull \hbox (103.50105pt too wide) in paragraph at lines 271--271
 [][] 
 []

[41 <./images/step38.png>]
<images/step39.png, id=213, 1856.9375pt x 1053.9375pt>
File: images/step39.png Graphic file (type png)
<use images/step39.png>
Package pdftex.def Info: images/step39.png  used on input line 279.
(pdftex.def)             Requested size: 448.50105pt x 254.54227pt.

Overfull \hbox (103.50105pt too wide) in paragraph at lines 279--279
 [][] 
 []

[42 <./images/step39.png>]
<images/step40.png, id=218, 1856.9375pt x 1053.9375pt>
File: images/step40.png Graphic file (type png)
<use images/step40.png>
Package pdftex.def Info: images/step40.png  used on input line 284.
(pdftex.def)             Requested size: 448.50105pt x 254.54227pt.

Overfull \hbox (103.50105pt too wide) in paragraph at lines 284--284
 [][] 
 []

[43 <./images/step40.png>]
<images/step41.png, id=224, 1856.9375pt x 1053.9375pt>
File: images/step41.png Graphic file (type png)
<use images/step41.png>
Package pdftex.def Info: images/step41.png  used on input line 290.
(pdftex.def)             Requested size: 448.50105pt x 254.54227pt.

Overfull \hbox (103.50105pt too wide) in paragraph at lines 290--290
 [][] 
 []

[44 <./images/step41.png>]
<images/step42.png, id=229, 1856.9375pt x 1053.9375pt>
File: images/step42.png Graphic file (type png)
<use images/step42.png>
Package pdftex.def Info: images/step42.png  used on input line 296.
(pdftex.def)             Requested size: 448.50105pt x 254.54227pt.

Overfull \hbox (103.50105pt too wide) in paragraph at lines 296--296
 [][] 
 []

[45 <./images/step42.png>]
<images/step43.png, id=234, 1856.9375pt x 1053.9375pt>
File: images/step43.png Graphic file (type png)
<use images/step43.png>
Package pdftex.def Info: images/step43.png  used on input line 302.
(pdftex.def)             Requested size: 448.50105pt x 254.54227pt.

Overfull \hbox (103.50105pt too wide) in paragraph at lines 302--302
 [][] 
 []

[46 <./images/step43.png>]
<images/step44.png, id=239, 1856.9375pt x 1053.9375pt>
File: images/step44.png Graphic file (type png)
<use images/step44.png>
Package pdftex.def Info: images/step44.png  used on input line 308.
(pdftex.def)             Requested size: 448.50105pt x 254.54227pt.

Overfull \hbox (103.50105pt too wide) in paragraph at lines 308--308
 [][] 
 []

[47 <./images/step44.png>]
<images/step45.png, id=244, 1856.9375pt x 1053.9375pt>
File: images/step45.png Graphic file (type png)
<use images/step45.png>
Package pdftex.def Info: images/step45.png  used on input line 314.
(pdftex.def)             Requested size: 448.50105pt x 254.54227pt.

Overfull \hbox (103.50105pt too wide) in paragraph at lines 314--314
 [][] 
 []

[48 <./images/step45.png>]
<images/step46.png, id=249, 1856.9375pt x 1053.9375pt>
File: images/step46.png Graphic file (type png)
<use images/step46.png>
Package pdftex.def Info: images/step46.png  used on input line 320.
(pdftex.def)             Requested size: 448.50105pt x 254.54227pt.

Overfull \hbox (103.50105pt too wide) in paragraph at lines 320--320
 [][] 
 []

[49 <./images/step46.png>]
<images/step47.png, id=255, 1856.9375pt x 1053.9375pt>
File: images/step47.png Graphic file (type png)
<use images/step47.png>
Package pdftex.def Info: images/step47.png  used on input line 325.
(pdftex.def)             Requested size: 448.50105pt x 254.54227pt.

Overfull \hbox (103.50105pt too wide) in paragraph at lines 325--325
 [][] 
 []

[50 <./images/step47.png>]
<images/step48.png, id=261, 1856.9375pt x 1053.9375pt>
File: images/step48.png Graphic file (type png)
<use images/step48.png>
Package pdftex.def Info: images/step48.png  used on input line 330.
(pdftex.def)             Requested size: 448.50105pt x 254.54227pt.

Overfull \hbox (103.50105pt too wide) in paragraph at lines 330--330
 [][] 
 []

[51 <./images/step48.png>]
<images/step49.png, id=266, 1856.9375pt x 1053.9375pt>
File: images/step49.png Graphic file (type png)
<use images/step49.png>
Package pdftex.def Info: images/step49.png  used on input line 335.
(pdftex.def)             Requested size: 448.50105pt x 254.54227pt.

Overfull \hbox (103.50105pt too wide) in paragraph at lines 335--335
 [][] 
 []

[52 <./images/step49.png>]
<images/step50.png, id=271, 1856.9375pt x 1053.9375pt>
File: images/step50.png Graphic file (type png)
<use images/step50.png>
Package pdftex.def Info: images/step50.png  used on input line 341.
(pdftex.def)             Requested size: 448.50105pt x 254.54227pt.

Overfull \hbox (103.50105pt too wide) in paragraph at lines 341--341
 [][] 
 []

[53 <./images/step50.png>]
<images/step51.png, id=276, 1856.9375pt x 1053.9375pt>
File: images/step51.png Graphic file (type png)
<use images/step51.png>
Package pdftex.def Info: images/step51.png  used on input line 346.
(pdftex.def)             Requested size: 448.50105pt x 254.54227pt.

Overfull \hbox (103.50105pt too wide) in paragraph at lines 346--346
 [][] 
 []

[54 <./images/step51.png>]
<images/step52.png, id=281, 1856.9375pt x 1053.9375pt>
File: images/step52.png Graphic file (type png)
<use images/step52.png>
Package pdftex.def Info: images/step52.png  used on input line 351.
(pdftex.def)             Requested size: 448.50105pt x 254.54227pt.

Overfull \hbox (103.50105pt too wide) in paragraph at lines 351--351
 [][] 
 []

[55 <./images/step52.png>]
<images/step53.png, id=287, 1856.9375pt x 1053.9375pt>
File: images/step53.png Graphic file (type png)
<use images/step53.png>
Package pdftex.def Info: images/step53.png  used on input line 356.
(pdftex.def)             Requested size: 448.50105pt x 254.54227pt.

Overfull \hbox (103.50105pt too wide) in paragraph at lines 356--356
 [][] 
 []

[56 <./images/step53.png>]
<images/step54.png, id=292, 1856.9375pt x 1053.9375pt>
File: images/step54.png Graphic file (type png)
<use images/step54.png>
Package pdftex.def Info: images/step54.png  used on input line 361.
(pdftex.def)             Requested size: 448.50105pt x 254.54227pt.

Overfull \hbox (103.50105pt too wide) in paragraph at lines 361--361
 [][] 
 []

[57 <./images/step54.png>]
<images/step55.png, id=297, 1856.9375pt x 1053.9375pt>
File: images/step55.png Graphic file (type png)
<use images/step55.png>
Package pdftex.def Info: images/step55.png  used on input line 367.
(pdftex.def)             Requested size: 448.50105pt x 254.54227pt.

Overfull \hbox (103.50105pt too wide) in paragraph at lines 367--367
 [][] 
 []

[58 <./images/step55.png>]
<images/step56.png, id=302, 1856.9375pt x 1053.9375pt>
File: images/step56.png Graphic file (type png)
<use images/step56.png>
Package pdftex.def Info: images/step56.png  used on input line 373.
(pdftex.def)             Requested size: 448.50105pt x 254.54227pt.

Overfull \hbox (103.50105pt too wide) in paragraph at lines 373--373
 [][] 
 []

[59 <./images/step56.png>]
<images/step57.png, id=307, 1856.9375pt x 1053.9375pt>
File: images/step57.png Graphic file (type png)
<use images/step57.png>
Package pdftex.def Info: images/step57.png  used on input line 381.
(pdftex.def)             Requested size: 448.50105pt x 254.54227pt.

Overfull \hbox (103.50105pt too wide) in paragraph at lines 381--381
 [][] 
 []

[60 <./images/step57.png>]
<images/step58.png, id=312, 1856.9375pt x 1053.9375pt>
File: images/step58.png Graphic file (type png)
<use images/step58.png>
Package pdftex.def Info: images/step58.png  used on input line 386.
(pdftex.def)             Requested size: 448.50105pt x 254.54227pt.

Overfull \hbox (103.50105pt too wide) in paragraph at lines 386--386
 [][] 
 []

[61 <./images/step58.png>]
<images/step59.png, id=318, 1856.9375pt x 1053.9375pt>
File: images/step59.png Graphic file (type png)
<use images/step59.png>
Package pdftex.def Info: images/step59.png  used on input line 392.
(pdftex.def)             Requested size: 448.50105pt x 254.54227pt.

Overfull \hbox (103.50105pt too wide) in paragraph at lines 392--392
 [][] 
 []

[62 <./images/step59.png>]
<images/step60.png, id=323, 1856.9375pt x 1053.9375pt>
File: images/step60.png Graphic file (type png)
<use images/step60.png>
Package pdftex.def Info: images/step60.png  used on input line 398.
(pdftex.def)             Requested size: 448.50105pt x 254.54227pt.

Overfull \hbox (103.50105pt too wide) in paragraph at lines 398--398
 [][] 
 []

[63 <./images/step60.png>]
<images/step61.png, id=328, 1856.9375pt x 1053.9375pt>
File: images/step61.png Graphic file (type png)
<use images/step61.png>
Package pdftex.def Info: images/step61.png  used on input line 403.
(pdftex.def)             Requested size: 448.50105pt x 254.54227pt.

Overfull \hbox (103.50105pt too wide) in paragraph at lines 403--403
 [][] 
 []

[64 <./images/step61.png>]
<images/step62.png, id=333, 1856.9375pt x 1053.9375pt>
File: images/step62.png Graphic file (type png)
<use images/step62.png>
Package pdftex.def Info: images/step62.png  used on input line 408.
(pdftex.def)             Requested size: 448.50105pt x 254.54227pt.

Overfull \hbox (103.50105pt too wide) in paragraph at lines 408--408
 [][] 
 []

[65 <./images/step62.png>]
<images/step63.png, id=338, 1856.9375pt x 1053.9375pt>
File: images/step63.png Graphic file (type png)
<use images/step63.png>
Package pdftex.def Info: images/step63.png  used on input line 414.
(pdftex.def)             Requested size: 448.50105pt x 254.54227pt.

Overfull \hbox (103.50105pt too wide) in paragraph at lines 414--414
 [][] 
 []

[66 <./images/step63.png>]
<images/step64.png, id=343, 1856.9375pt x 1053.9375pt>
File: images/step64.png Graphic file (type png)
<use images/step64.png>
Package pdftex.def Info: images/step64.png  used on input line 420.
(pdftex.def)             Requested size: 448.50105pt x 254.54227pt.

Overfull \hbox (103.50105pt too wide) in paragraph at lines 420--420
 [][] 
 []

[67 <./images/step64.png>]
<images/step65.png, id=349, 1856.9375pt x 1053.9375pt>
File: images/step65.png Graphic file (type png)
<use images/step65.png>
Package pdftex.def Info: images/step65.png  used on input line 426.
(pdftex.def)             Requested size: 448.50105pt x 254.54227pt.

Overfull \hbox (103.50105pt too wide) in paragraph at lines 426--426
 [][] 
 []

[68 <./images/step65.png>]
<images/step66.png, id=354, 1856.9375pt x 1053.9375pt>
File: images/step66.png Graphic file (type png)
<use images/step66.png>
Package pdftex.def Info: images/step66.png  used on input line 432.
(pdftex.def)             Requested size: 448.50105pt x 254.54227pt.

Overfull \hbox (103.50105pt too wide) in paragraph at lines 432--432
 [][] 
 []

[69 <./images/step66.png>]
<images/step67.png, id=359, 1856.9375pt x 1053.9375pt>
File: images/step67.png Graphic file (type png)
<use images/step67.png>
Package pdftex.def Info: images/step67.png  used on input line 437.
(pdftex.def)             Requested size: 448.50105pt x 254.54227pt.

Overfull \hbox (103.50105pt too wide) in paragraph at lines 437--437
 [][] 
 []

[70 <./images/step67.png>]
<images/step68.png, id=364, 1856.9375pt x 1053.9375pt>
File: images/step68.png Graphic file (type png)
<use images/step68.png>
Package pdftex.def Info: images/step68.png  used on input line 444.
(pdftex.def)             Requested size: 448.50105pt x 254.54227pt.

Overfull \hbox (103.50105pt too wide) in paragraph at lines 444--444
 [][] 
 []

[71 <./images/step68.png>]
<images/step69.png, id=369, 1856.9375pt x 1053.9375pt>
File: images/step69.png Graphic file (type png)
<use images/step69.png>
Package pdftex.def Info: images/step69.png  used on input line 450.
(pdftex.def)             Requested size: 448.50105pt x 254.54227pt.

Overfull \hbox (103.50105pt too wide) in paragraph at lines 450--450
 [][] 
 []

[72 <./images/step69.png>]
<images/step70.png, id=374, 1856.9375pt x 1053.9375pt>
File: images/step70.png Graphic file (type png)
<use images/step70.png>
Package pdftex.def Info: images/step70.png  used on input line 457.
(pdftex.def)             Requested size: 448.50105pt x 254.54227pt.

Overfull \hbox (103.50105pt too wide) in paragraph at lines 457--457
 [][] 
 []

[73 <./images/step70.png>]
Overfull \hbox (79.16684pt too wide) in paragraph at lines 466--466
[]\OT1/cmr/m/n/10 The path should look like this: \OT1/cmtt/m/n/10 \[project name]/[Application Name]/[]ide/bootimage". 
 []

<images/step71.png, id=380, 901.3675pt x 556.0775pt>
File: images/step71.png Graphic file (type png)
<use images/step71.png>
Package pdftex.def Info: images/step71.png  used on input line 466.
(pdftex.def)             Requested size: 448.50105pt x 276.69742pt.

Overfull \hbox (103.50105pt too wide) in paragraph at lines 466--466
 [][] 
 []

[74 <./images/step71.png>] [75] (./Programming EBAZ 4205 using SD card.aux)
 ***********
LaTeX2e <2023-11-01> patch level 1
L3 programming layer <2024-02-20>
 ***********
 ) 
Here is how much of TeX's memory you used:
 3245 strings out of 474116
 62152 string characters out of 5733619
 1942187 words of memory out of 5000000
 25635 multiletter control sequences out of 15000+600000
 559755 words of font info for 42 fonts, out of 8000000 for 9000
 1141 hyphenation exceptions out of 8191
 57i,6n,65p,371b,342s stack positions out of 10000i,1000n,20000p,200000b,200000s
</opt/homebrew/Cellar/texlive/20240312/share/texmf-dist/fonts/type1/public/amsfonts/cm/cmbx10.pfb></opt/homebrew/Cellar/texlive/20240312/share/texmf-dist/fonts/type1/public/amsfonts/cm/cmbx12.pfb></opt/homebrew/Cellar/texlive/20240312/share/texmf-dist/fonts/type1/public/amsfonts/cm/cmr10.pfb></opt/homebrew/Cellar/texlive/20240312/share/texmf-dist/fonts/type1/public/amsfonts/cm/cmtt10.pfb>
Output written on "Programming EBAZ 4205 using SD card.pdf" (75 pages, 10227583 bytes).
PDF statistics:
 410 PDF objects out of 1000 (max. 8388607)
 181 compressed objects within 2 object streams
 0 named destinations out of 1000 (max. 500000)
 356 words of extra memory for PDF output out of 10000 (max. 10000000)

