This is pdfTeX, Version 3.141592653-2.6-1.40.26 (TeX Live 2024/Homebrew) (preloaded format=pdflatex 2024.3.20)  8 AUG 2024 10:36
entering extended mode
 restricted \write18 enabled.
 file:line:error style messages enabled.
 %&-line parsing enabled.
**/Users/martin/git/LaTexVivadoVitisTutorial/HLStutorial/HlsTutorial.tex
(/Users/martin/git/LaTexVivadoVitisTutorial/HLStutorial/HlsTutorial.tex
LaTeX2e <2023-11-01> patch level 1
L3 programming layer <2024-02-20>
(/opt/homebrew/Cellar/texlive/20240312/share/texmf-dist/tex/latex/base/article.cls
Document Class: article 2023/05/17 v1.4n Standard LaTeX document class
(/opt/homebrew/Cellar/texlive/20240312/share/texmf-dist/tex/latex/base/size10.clo
File: size10.clo 2023/05/17 v1.4n Standard LaTeX file (size option)
)
\c@part=\count188
\c@section=\count189
\c@subsection=\count190
\c@subsubsection=\count191
\c@paragraph=\count192
\c@subparagraph=\count193
\c@figure=\count194
\c@table=\count195
\abovecaptionskip=\skip48
\belowcaptionskip=\skip49
\bibindent=\dimen140
) (/opt/homebrew/Cellar/texlive/20240312/share/texmf-dist/tex/latex/graphics/graphicx.sty
Package: graphicx 2021/09/16 v1.2d Enhanced LaTeX Graphics (DPC,SPQR)
 (/opt/homebrew/Cellar/texlive/20240312/share/texmf-dist/tex/latex/graphics/keyval.sty
Package: keyval 2022/05/29 v1.15 key=value parser (DPC)
\KV@toks@=\toks17
) (/opt/homebrew/Cellar/texlive/20240312/share/texmf-dist/tex/latex/graphics/graphics.sty
Package: graphics 2022/03/10 v1.4e Standard LaTeX Graphics (DPC,SPQR)
 (/opt/homebrew/Cellar/texlive/20240312/share/texmf-dist/tex/latex/graphics/trig.sty
Package: trig 2021/08/11 v1.11 sin cos tan (DPC)
) (/opt/homebrew/Cellar/texlive/20240312/share/texmf-dist/tex/latex/graphics-cfg/graphics.cfg
File: graphics.cfg 2016/06/04 v1.11 sample graphics configuration
)
Package graphics Info: Driver file: pdftex.def on input line 107.
 (/opt/homebrew/Cellar/texlive/20240312/share/texmf-dist/tex/latex/graphics-def/pdftex.def
File: pdftex.def 2022/09/22 v1.2b Graphics/color driver for pdftex
))
\Gin@req@height=\dimen141
\Gin@req@width=\dimen142
) (/opt/homebrew/Cellar/texlive/20240312/share/texmf-dist/tex/latex/caption/caption.sty
Package: caption 2023/08/05 v3.6o Customizing captions (AR)
 (/opt/homebrew/Cellar/texlive/20240312/share/texmf-dist/tex/latex/caption/caption3.sty
Package: caption3 2023/07/31 v2.4d caption3 kernel (AR)
\caption@tempdima=\dimen143
\captionmargin=\dimen144
\caption@leftmargin=\dimen145
\caption@rightmargin=\dimen146
\caption@width=\dimen147
\caption@indent=\dimen148
\caption@parindent=\dimen149
\caption@hangindent=\dimen150
Package caption Info: Standard document class detected.
)
\c@caption@flags=\count196
\c@continuedfloat=\count197
) (/opt/homebrew/Cellar/texlive/20240312/share/texmf-dist/tex/latex/placeins/placeins.sty
Package: placeins 2005/04/18  v 2.2
)
\c@step=\count198
 (/opt/homebrew/Cellar/texlive/20240312/share/texmf-dist/tex/latex/l3backend/l3backend-pdftex.def
File: l3backend-pdftex.def 2024-02-20 L3 backend support: PDF output (pdfTeX)
\l__color_backend_stack_int=\count199
\l__pdf_internal_box=\box51
) (./HlsTutorial.aux)
\openout1 = `HlsTutorial.aux'.

LaTeX Font Info:    Checking defaults for OML/cmm/m/it on input line 29.
LaTeX Font Info:    ... okay on input line 29.
LaTeX Font Info:    Checking defaults for OMS/cmsy/m/n on input line 29.
LaTeX Font Info:    ... okay on input line 29.
LaTeX Font Info:    Checking defaults for OT1/cmr/m/n on input line 29.
LaTeX Font Info:    ... okay on input line 29.
LaTeX Font Info:    Checking defaults for T1/cmr/m/n on input line 29.
LaTeX Font Info:    ... okay on input line 29.
LaTeX Font Info:    Checking defaults for TS1/cmr/m/n on input line 29.
LaTeX Font Info:    ... okay on input line 29.
LaTeX Font Info:    Checking defaults for OMX/cmex/m/n on input line 29.
LaTeX Font Info:    ... okay on input line 29.
LaTeX Font Info:    Checking defaults for U/cmr/m/n on input line 29.
LaTeX Font Info:    ... okay on input line 29.
 (/opt/homebrew/Cellar/texlive/20240312/share/texmf-dist/tex/context/base/mkii/supp-pdf.mkii
[Loading MPS to PDF converter (version 2006.09.02).]
\scratchcounter=\count266
\scratchdimen=\dimen151
\scratchbox=\box52
\nofMPsegments=\count267
\nofMParguments=\count268
\everyMPshowfont=\toks18
\MPscratchCnt=\count269
\MPscratchDim=\dimen152
\MPnumerator=\count270
\makeMPintoPDFobject=\count271
\everyMPtoPDFconversion=\toks19
) (/opt/homebrew/Cellar/texlive/20240312/share/texmf-dist/tex/latex/epstopdf-pkg/epstopdf-base.sty
Package: epstopdf-base 2020-01-24 v2.11 Base part for package epstopdf
Package epstopdf-base Info: Redefining graphics rule for `.eps' on input line 485.
 (/opt/homebrew/Cellar/texlive/20240312/share/texmf-dist/tex/latex/latexconfig/epstopdf-sys.cfg
File: epstopdf-sys.cfg 2010/07/13 v1.3 Configuration of (r)epstopdf for TeX Live
))
Package caption Info: Begin \AtBeginDocument code.
Package caption Info: End \AtBeginDocument code.
 (./HlsTutorial.toc
LaTeX Font Info:    External font `cmex10' loaded for size
(Font)              <7> on input line 2.
LaTeX Font Info:    External font `cmex10' loaded for size
(Font)              <5> on input line 2.
 [1

{/opt/homebrew/Cellar/texlive/20240312/share/texmf-dist/fonts/map/pdftex/updmap/pdftex.map}])
\tf@toc=\write3
\openout3 = `HlsTutorial.toc'.

 [2]
<images/step1.png, id=12, 1848.9075pt x 1054.94125pt>
File: images/step1.png Graphic file (type png)
<use images/step1.png>
Package pdftex.def Info: images/step1.png  used on input line 38.
(pdftex.def)             Requested size: 379.5021pt x 216.52191pt.

Overfull \hbox (34.5021pt too wide) in paragraph at lines 38--38
 [][] 
 []

[3 <./images/step1.png>]
<images/step2.png, id=18, 1848.9075pt x 1054.94125pt>
File: images/step2.png Graphic file (type png)
<use images/step2.png>
Package pdftex.def Info: images/step2.png  used on input line 44.
(pdftex.def)             Requested size: 379.5021pt x 216.52191pt.

Overfull \hbox (34.5021pt too wide) in paragraph at lines 44--44
 [][] 
 []

[4 <./images/step2.png>]
<images/step3.png, id=23, 1848.9075pt x 1054.94125pt>
File: images/step3.png Graphic file (type png)
<use images/step3.png>
Package pdftex.def Info: images/step3.png  used on input line 50.
(pdftex.def)             Requested size: 379.5021pt x 216.52191pt.

Overfull \hbox (34.5021pt too wide) in paragraph at lines 50--50
 [][] 
 []

[5 <./images/step3.png>]
<images/step4.png, id=28, 1848.9075pt x 1054.94125pt>
File: images/step4.png Graphic file (type png)
<use images/step4.png>
Package pdftex.def Info: images/step4.png  used on input line 56.
(pdftex.def)             Requested size: 379.5021pt x 216.52191pt.

Overfull \hbox (34.5021pt too wide) in paragraph at lines 56--56
 [][] 
 []

[6 <./images/step4.png>]
<images/step5.png, id=33, 1848.9075pt x 1054.94125pt>
File: images/step5.png Graphic file (type png)
<use images/step5.png>
Package pdftex.def Info: images/step5.png  used on input line 62.
(pdftex.def)             Requested size: 379.5021pt x 216.52191pt.

Overfull \hbox (34.5021pt too wide) in paragraph at lines 62--62
 [][] 
 []

[7 <./images/step5.png>]
<images/step6.png, id=39, 1848.9075pt x 1054.94125pt>
File: images/step6.png Graphic file (type png)
<use images/step6.png>
Package pdftex.def Info: images/step6.png  used on input line 68.
(pdftex.def)             Requested size: 379.5021pt x 216.52191pt.

Overfull \hbox (34.5021pt too wide) in paragraph at lines 68--68
 [][] 
 []

[8 <./images/step6.png>]
<images/step7.png, id=44, 1848.9075pt x 1054.94125pt>
File: images/step7.png Graphic file (type png)
<use images/step7.png>
Package pdftex.def Info: images/step7.png  used on input line 74.
(pdftex.def)             Requested size: 379.5021pt x 216.52191pt.

Overfull \hbox (34.5021pt too wide) in paragraph at lines 74--74
 [][] 
 []

[9 <./images/step7.png>]
<images/step8.png, id=49, 1848.9075pt x 1054.94125pt>
File: images/step8.png Graphic file (type png)
<use images/step8.png>
Package pdftex.def Info: images/step8.png  used on input line 79.
(pdftex.def)             Requested size: 379.5021pt x 216.52191pt.

Overfull \hbox (34.5021pt too wide) in paragraph at lines 79--79
 [][] 
 []

[10 <./images/step8.png>]
<images/step9.png, id=54, 1848.9075pt x 1054.94125pt>
File: images/step9.png Graphic file (type png)
<use images/step9.png>
Package pdftex.def Info: images/step9.png  used on input line 83.
(pdftex.def)             Requested size: 379.5021pt x 216.52191pt.

Overfull \hbox (34.5021pt too wide) in paragraph at lines 83--83
 [][] 
 []

[11 <./images/step9.png>]
<images/step10.png, id=59, 1848.9075pt x 1054.94125pt>
File: images/step10.png Graphic file (type png)
<use images/step10.png>
Package pdftex.def Info: images/step10.png  used on input line 88.
(pdftex.def)             Requested size: 379.5021pt x 216.52191pt.

Overfull \hbox (34.5021pt too wide) in paragraph at lines 88--88
 [][] 
 []

[12 <./images/step10.png>]
Overfull \hbox (2.27718pt too wide) in paragraph at lines 93--93
[]\OT1/cmr/m/n/10 Once the Vi-tis IDE is loaded fully se-lect the folder for the project workspace
 []

<images/step11.png, id=64, 1848.9075pt x 1054.94125pt>
File: images/step11.png Graphic file (type png)
<use images/step11.png>
Package pdftex.def Info: images/step11.png  used on input line 93.
(pdftex.def)             Requested size: 379.5021pt x 216.52191pt.

Overfull \hbox (34.5021pt too wide) in paragraph at lines 93--93
 [][] 
 []

[13 <./images/step11.png>]
<images/step12.png, id=70, 1848.9075pt x 1054.94125pt>
File: images/step12.png Graphic file (type png)
<use images/step12.png>
Package pdftex.def Info: images/step12.png  used on input line 99.
(pdftex.def)             Requested size: 379.5021pt x 216.52191pt.

Overfull \hbox (34.5021pt too wide) in paragraph at lines 99--99
 [][] 
 []

[14 <./images/step12.png>]
<images/step13.png, id=75, 1848.9075pt x 1054.94125pt>
File: images/step13.png Graphic file (type png)
<use images/step13.png>
Package pdftex.def Info: images/step13.png  used on input line 104.
(pdftex.def)             Requested size: 379.5021pt x 216.52191pt.

Overfull \hbox (34.5021pt too wide) in paragraph at lines 104--104
 [][] 
 []

[15 <./images/step13.png>]
<images/step14.png, id=80, 1848.9075pt x 1054.94125pt>
File: images/step14.png Graphic file (type png)
<use images/step14.png>
Package pdftex.def Info: images/step14.png  used on input line 109.
(pdftex.def)             Requested size: 379.5021pt x 216.52191pt.

Overfull \hbox (34.5021pt too wide) in paragraph at lines 109--109
 [][] 
 []

[16 <./images/step14.png>]
<images/step15.png, id=85, 1848.9075pt x 1054.94125pt>
File: images/step15.png Graphic file (type png)
<use images/step15.png>
Package pdftex.def Info: images/step15.png  used on input line 116.
(pdftex.def)             Requested size: 379.5021pt x 216.52191pt.

Overfull \hbox (34.5021pt too wide) in paragraph at lines 116--116
 [][] 
 []

[17 <./images/step15.png>]
<images/step16.png, id=90, 1848.9075pt x 1054.94125pt>
File: images/step16.png Graphic file (type png)
<use images/step16.png>
Package pdftex.def Info: images/step16.png  used on input line 121.
(pdftex.def)             Requested size: 379.5021pt x 216.52191pt.

Overfull \hbox (34.5021pt too wide) in paragraph at lines 121--121
 [][] 
 []

[18 <./images/step16.png>]
<images/step17.png, id=95, 1848.9075pt x 1054.94125pt>
File: images/step17.png Graphic file (type png)
<use images/step17.png>
Package pdftex.def Info: images/step17.png  used on input line 126.
(pdftex.def)             Requested size: 379.5021pt x 216.52191pt.

Overfull \hbox (34.5021pt too wide) in paragraph at lines 126--126
 [][] 
 []

[19 <./images/step17.png>]
<images/step18.png, id=101, 1848.9075pt x 1054.94125pt>
File: images/step18.png Graphic file (type png)
<use images/step18.png>
Package pdftex.def Info: images/step18.png  used on input line 132.
(pdftex.def)             Requested size: 379.5021pt x 216.52191pt.

Overfull \hbox (34.5021pt too wide) in paragraph at lines 132--132
 [][] 
 []

[20 <./images/step18.png>]
<images/step19.png, id=106, 1848.9075pt x 1054.94125pt>
File: images/step19.png Graphic file (type png)
<use images/step19.png>
Package pdftex.def Info: images/step19.png  used on input line 137.
(pdftex.def)             Requested size: 379.5021pt x 216.52191pt.

Overfull \hbox (34.5021pt too wide) in paragraph at lines 137--137
 [][] 
 []

[21 <./images/step19.png>]
<images/step20.png, id=111, 1848.9075pt x 1054.94125pt>
File: images/step20.png Graphic file (type png)
<use images/step20.png>
Package pdftex.def Info: images/step20.png  used on input line 143.
(pdftex.def)             Requested size: 379.5021pt x 216.52191pt.

Overfull \hbox (34.5021pt too wide) in paragraph at lines 143--143
 [][] 
 []

[22 <./images/step20.png>]
<images/step21.png, id=116, 1848.9075pt x 1054.94125pt>
File: images/step21.png Graphic file (type png)
<use images/step21.png>
Package pdftex.def Info: images/step21.png  used on input line 149.
(pdftex.def)             Requested size: 379.5021pt x 216.52191pt.

Overfull \hbox (34.5021pt too wide) in paragraph at lines 149--149
 [][] 
 []

[23 <./images/step21.png>]
<images/step22.png, id=121, 1848.9075pt x 1054.94125pt>
File: images/step22.png Graphic file (type png)
<use images/step22.png>
Package pdftex.def Info: images/step22.png  used on input line 156.
(pdftex.def)             Requested size: 379.5021pt x 216.52191pt.

Overfull \hbox (34.5021pt too wide) in paragraph at lines 156--156
 [][] 
 []

[24 <./images/step22.png>]
<images/step23.png, id=126, 1848.9075pt x 1054.94125pt>
File: images/step23.png Graphic file (type png)
<use images/step23.png>
Package pdftex.def Info: images/step23.png  used on input line 161.
(pdftex.def)             Requested size: 379.5021pt x 216.52191pt.

Overfull \hbox (34.5021pt too wide) in paragraph at lines 161--161
 [][] 
 []

[25 <./images/step23.png>]
<images/step24.png, id=132, 1848.9075pt x 1054.94125pt>
File: images/step24.png Graphic file (type png)
<use images/step24.png>
Package pdftex.def Info: images/step24.png  used on input line 165.
(pdftex.def)             Requested size: 379.5021pt x 216.52191pt.

Overfull \hbox (34.5021pt too wide) in paragraph at lines 165--165
 [][] 
 []

[26 <./images/step24.png>]
<images/step25.png, id=137, 1848.9075pt x 1054.94125pt>
File: images/step25.png Graphic file (type png)
<use images/step25.png>
Package pdftex.def Info: images/step25.png  used on input line 172.
(pdftex.def)             Requested size: 379.5021pt x 216.52191pt.

Overfull \hbox (34.5021pt too wide) in paragraph at lines 172--172
 [][] 
 []

[27 <./images/step25.png>]
<images/step26.png, id=142, 1848.9075pt x 1054.94125pt>
File: images/step26.png Graphic file (type png)
<use images/step26.png>
Package pdftex.def Info: images/step26.png  used on input line 177.
(pdftex.def)             Requested size: 379.5021pt x 216.52191pt.

Overfull \hbox (34.5021pt too wide) in paragraph at lines 177--177
 [][] 
 []

[28 <./images/step26.png>]
<images/step27.png, id=147, 1848.9075pt x 1054.94125pt>
File: images/step27.png Graphic file (type png)
<use images/step27.png>
Package pdftex.def Info: images/step27.png  used on input line 183.
(pdftex.def)             Requested size: 379.5021pt x 216.52191pt.

Overfull \hbox (34.5021pt too wide) in paragraph at lines 183--183
 [][] 
 []

[29 <./images/step27.png>]
<images/step28.png, id=152, 1848.9075pt x 1054.94125pt>
File: images/step28.png Graphic file (type png)
<use images/step28.png>
Package pdftex.def Info: images/step28.png  used on input line 189.
(pdftex.def)             Requested size: 379.5021pt x 216.52191pt.

Overfull \hbox (34.5021pt too wide) in paragraph at lines 189--189
 [][] 
 []

[30 <./images/step28.png>]
<images/step29.png, id=157, 1848.9075pt x 1054.94125pt>
File: images/step29.png Graphic file (type png)
<use images/step29.png>
Package pdftex.def Info: images/step29.png  used on input line 194.
(pdftex.def)             Requested size: 379.5021pt x 216.52191pt.

Overfull \hbox (34.5021pt too wide) in paragraph at lines 194--194
 [][] 
 []

[31 <./images/step29.png>]
<images/step30.png, id=163, 1848.9075pt x 1054.94125pt>
File: images/step30.png Graphic file (type png)
<use images/step30.png>
Package pdftex.def Info: images/step30.png  used on input line 199.
(pdftex.def)             Requested size: 379.5021pt x 216.52191pt.

Overfull \hbox (34.5021pt too wide) in paragraph at lines 199--199
 [][] 
 []

[32 <./images/step30.png>]
<images/step31.png, id=168, 1848.9075pt x 1054.94125pt>
File: images/step31.png Graphic file (type png)
<use images/step31.png>
Package pdftex.def Info: images/step31.png  used on input line 205.
(pdftex.def)             Requested size: 379.5021pt x 216.52191pt.

Overfull \hbox (34.5021pt too wide) in paragraph at lines 205--205
 [][] 
 []

[33 <./images/step31.png>]
<images/step32.png, id=173, 1848.9075pt x 1054.94125pt>
File: images/step32.png Graphic file (type png)
<use images/step32.png>
Package pdftex.def Info: images/step32.png  used on input line 212.
(pdftex.def)             Requested size: 379.5021pt x 216.52191pt.

Overfull \hbox (34.5021pt too wide) in paragraph at lines 212--212
 [][] 
 []

[34 <./images/step32.png>]
<images/step33.png, id=178, 1848.9075pt x 1054.94125pt>
File: images/step33.png Graphic file (type png)
<use images/step33.png>
Package pdftex.def Info: images/step33.png  used on input line 216.
(pdftex.def)             Requested size: 379.5021pt x 216.52191pt.

Overfull \hbox (34.5021pt too wide) in paragraph at lines 216--216
 [][] 
 []

[35 <./images/step33.png>]
<images/step34.png, id=183, 1848.9075pt x 1054.94125pt>
File: images/step34.png Graphic file (type png)
<use images/step34.png>
Package pdftex.def Info: images/step34.png  used on input line 221.
(pdftex.def)             Requested size: 379.5021pt x 216.52191pt.

Overfull \hbox (34.5021pt too wide) in paragraph at lines 221--221
 [][] 
 []

[36 <./images/step34.png>]
<images/step35.png, id=188, 1848.9075pt x 1054.94125pt>
File: images/step35.png Graphic file (type png)
<use images/step35.png>
Package pdftex.def Info: images/step35.png  used on input line 226.
(pdftex.def)             Requested size: 379.5021pt x 216.52191pt.

Overfull \hbox (34.5021pt too wide) in paragraph at lines 226--226
 [][] 
 []

[37 <./images/step35.png>]
<images/step36.png, id=194, 1848.9075pt x 1054.94125pt>
File: images/step36.png Graphic file (type png)
<use images/step36.png>
Package pdftex.def Info: images/step36.png  used on input line 232.
(pdftex.def)             Requested size: 379.5021pt x 216.52191pt.

Overfull \hbox (34.5021pt too wide) in paragraph at lines 232--232
 [][] 
 []

[38 <./images/step36.png>]
<images/step37.png, id=199, 1848.9075pt x 1054.94125pt>
File: images/step37.png Graphic file (type png)
<use images/step37.png>
Package pdftex.def Info: images/step37.png  used on input line 237.
(pdftex.def)             Requested size: 379.5021pt x 216.52191pt.

Overfull \hbox (34.5021pt too wide) in paragraph at lines 237--237
 [][] 
 []

[39 <./images/step37.png>]
<images/step38.png, id=204, 1848.9075pt x 1054.94125pt>
File: images/step38.png Graphic file (type png)
<use images/step38.png>
Package pdftex.def Info: images/step38.png  used on input line 244.
(pdftex.def)             Requested size: 379.5021pt x 216.52191pt.

Overfull \hbox (34.5021pt too wide) in paragraph at lines 244--244
 [][] 
 []

[40 <./images/step38.png>]
<images/step39.png, id=209, 1848.9075pt x 1054.94125pt>
File: images/step39.png Graphic file (type png)
<use images/step39.png>
Package pdftex.def Info: images/step39.png  used on input line 255.
(pdftex.def)             Requested size: 379.5021pt x 216.52191pt.

Overfull \hbox (34.5021pt too wide) in paragraph at lines 255--255
 [][] 
 []

[41 <./images/step39.png>]
<images/step40.png, id=214, 1848.9075pt x 1054.94125pt>
File: images/step40.png Graphic file (type png)
<use images/step40.png>
Package pdftex.def Info: images/step40.png  used on input line 262.
(pdftex.def)             Requested size: 379.5021pt x 216.52191pt.

Overfull \hbox (34.5021pt too wide) in paragraph at lines 262--262
 [][] 
 []

[42 <./images/step40.png>]
<images/step41.png, id=219, 1848.9075pt x 1054.94125pt>
File: images/step41.png Graphic file (type png)
<use images/step41.png>
Package pdftex.def Info: images/step41.png  used on input line 270.
(pdftex.def)             Requested size: 379.5021pt x 216.52191pt.

Overfull \hbox (34.5021pt too wide) in paragraph at lines 270--270
 [][] 
 []

[43 <./images/step41.png>]
<images/step42.png, id=225, 1848.9075pt x 1054.94125pt>
File: images/step42.png Graphic file (type png)
<use images/step42.png>
Package pdftex.def Info: images/step42.png  used on input line 284.
(pdftex.def)             Requested size: 379.5021pt x 216.52191pt.

Overfull \hbox (34.5021pt too wide) in paragraph at lines 284--284
 [][] 
 []

[44 <./images/step42.png>] (./HlsTutorial.aux)
 ***********
LaTeX2e <2023-11-01> patch level 1
L3 programming layer <2024-02-20>
 ***********
 ) 
Here is how much of TeX's memory you used:
 3008 strings out of 474116
 56341 string characters out of 5733619
 1941187 words of memory out of 5000000
 25399 multiletter control sequences out of 15000+600000
 559587 words of font info for 41 fonts, out of 8000000 for 9000
 1141 hyphenation exceptions out of 8191
 57i,6n,65p,321b,301s stack positions out of 10000i,1000n,20000p,200000b,200000s
</opt/homebrew/Cellar/texlive/20240312/share/texmf-dist/fonts/type1/public/amsfonts/cm/cmbx10.pfb></opt/homebrew/Cellar/texlive/20240312/share/texmf-dist/fonts/type1/public/amsfonts/cm/cmbx12.pfb></opt/homebrew/Cellar/texlive/20240312/share/texmf-dist/fonts/type1/public/amsfonts/cm/cmr10.pfb>
Output written on HlsTutorial.pdf (44 pages, 6030339 bytes).
PDF statistics:
 248 PDF objects out of 1000 (max. 8388607)
 110 compressed objects within 2 object streams
 0 named destinations out of 1000 (max. 500000)
 211 words of extra memory for PDF output out of 10000 (max. 10000000)

